jquery-migrate.min.js?ver=3.4.1:2 JQMIGRATE: Migrate is installed, version 3.4.1
/wp-admin/post.php?post=99140&action=edit#wpbody-content:868 [Intervention] Slow network is detected. See https://www.chromestatus.com/feature/5636954674692096 for more details. Fallback font will be used while loading: https://ebony.ie/wp-content/plugins/elementor/assets/lib/eicons/fonts/eicons.woff2?5.29.0
/wp-admin/post.php?post=99140&action=edit#wpbody-content:868 [Intervention] Slow network is detected. See https://www.chromestatus.com/feature/5636954674692096 for more details. Fallback font will be used while loading: https://ebony.ie/wp-content/plugins/woo-thank-you-page-nextmove-lite/admin/assets/fonts/xlcore.ttf?yjfmpn
/wp-admin/post.php?post=99140&action=edit#wpbody-content:1935 [Intervention] Slow network is detected. See https://www.chromestatus.com/feature/5636954674692096 for more details. Fallback font will be used while loading: https://ebony.ie/wp-content/plugins/woocommerce/assets/fonts/WooCommerce.woff
theme.min.js?wp-mce-49110-20201110:1 [Intervention] Slow network is detected. See https://www.chromestatus.com/feature/5636954674692096 for more details. Fallback font will be used while loading: https://ebony.ie/wp-includes/js/tinymce/skins/lightgray/fonts/tinymce.woff
console.log(document.getElementById("tinymce"));
VM85755:1 <body id=​"tinymce" class=​"mce-content-body _yikes_wc_custom_repeatable_product_tabs_tab_content_1 post-type-product post-status-publish page-template-default locale-en-us mceContentBody webkit wp-editor html5-captions" data-id=​"_yikes_wc_custom_repeatable_product_tabs_tab_content_1" contenteditable=​"true">​…​</body>​
undefined
console.log(document.getElementsByClassName("pdp-accordion-data"));
VM88940:1 HTMLCollection [div.pdp-accordion-data]0: div.pdp-accordion-dataaccessKey: ""align: ""ariaAtomic: nullariaAutoComplete: nullariaBrailleLabel: nullariaBrailleRoleDescription: nullariaBusy: nullariaChecked: nullariaColCount: nullariaColIndex: nullariaColSpan: nullariaCurrent: nullariaDescription: nullariaDisabled: nullariaExpanded: nullariaHasPopup: nullariaHidden: nullariaInvalid: nullariaKeyShortcuts: nullariaLabel: nullariaLevel: nullariaLive: nullariaModal: nullariaMultiLine: nullariaMultiSelectable: nullariaOrientation: nullariaPlaceholder: nullariaPosInSet: nullariaPressed: nullariaReadOnly: nullariaRelevant: nullariaRequired: nullariaRoleDescription: nullariaRowCount: nullariaRowIndex: nullariaRowSpan: nullariaSelected: nullariaSetSize: nullariaSort: nullariaValueMax: nullariaValueMin: nullariaValueNow: nullariaValueText: nullassignedSlot: nullattributeStyleMap: StylePropertyMap {size: 0}attributes: NamedNodeMap {0: class, class: class, length: 1}autocapitalize: ""autofocus: falsebaseURI: "https://ebony.ie/wp-admin/post.php?post=99140&action=edit"childElementCount: 0childNodes: NodeList [text]children: HTMLCollection []classList: DOMTokenList ['pdp-accordion-data', value: 'pdp-accordion-data']className: "pdp-accordion-data"clientHeight: 48clientLeft: 0clientTop: 0clientWidth: 363contentEditable: "inherit"dataset: DOMStringMap {}dir: ""draggable: falseeditContext: nullelementTiming: ""enterKeyHint: ""firstChild: textfirstElementChild: nullhidden: falseid: ""inert: falseinnerHTML: "59% Viscose (Livaeco by Birla Cellulose™), 41% Rayon"innerText: "59% Viscose (Livaeco by Birla Cellulose™), 41% Rayon"inputMode: ""isConnected: trueisContentEditable: truelang: ""lastChild: textlastElementChild: nulllocalName: "div"namespaceURI: "http://www.w3.org/1999/xhtml"nextElementSibling: divnextSibling: divnodeName: "DIV"nodeType: 1nodeValue: nullnonce: ""offsetHeight: 48offsetLeft: 10offsetParent: body#tinymce.mce-content-body._yikes_wc_custom_repeatable_product_tabs_tab_content_1.post-type-product.post-status-publish.page-template-default.locale-en-us.mceContentBody.webkit.wp-editor.html5-captionsoffsetTop: 9offsetWidth: 363onabort: nullonanimationend: nullonanimationiteration: nullonanimationstart: nullonauxclick: nullonbeforecopy: nullonbeforecut: nullonbeforeinput: nullonbeforematch: nullonbeforepaste: nullonbeforetoggle: nullonbeforexrselect: nullonblur: nulloncancel: nulloncanplay: nulloncanplaythrough: nullonchange: nullonclick: nullonclose: nulloncontentvisibilityautostatechange: nulloncontextlost: nulloncontextmenu: nulloncontextrestored: nulloncopy: nulloncuechange: nulloncut: nullondblclick: nullondrag: nullondragend: nullondragenter: nullondragleave: nullondragover: nullondragstart: nullondrop: nullondurationchange: nullonemptied: nullonended: nullonerror: nullonfocus: nullonformdata: nullonfullscreenchange: nullonfullscreenerror: nullongotpointercapture: nulloninput: nulloninvalid: nullonkeydown: nullonkeypress: nullonkeyup: nullonload: nullonloadeddata: nullonloadedmetadata: nullonloadstart: nullonlostpointercapture: nullonmousedown: nullonmouseenter: nullonmouseleave: nullonmousemove: nullonmouseout: nullonmouseover: nullonmouseup: nullonmousewheel: nullonpaste: nullonpause: nullonplay: nullonplaying: nullonpointercancel: nullonpointerdown: nullonpointerenter: nullonpointerleave: nullonpointermove: nullonpointerout: nullonpointerover: nullonpointerrawupdate: nullonpointerup: nullonprogress: nullonratechange: nullonreset: nullonresize: nullonscroll: nullonscrollend: nullonsearch: nullonsecuritypolicyviolation: nullonseeked: nullonseeking: nullonselect: nullonselectionchange: nullonselectstart: nullonslotchange: nullonstalled: nullonsubmit: nullonsuspend: nullontimeupdate: nullontoggle: nullontransitioncancel: nullontransitionend: nullontransitionrun: nullontransitionstart: nullonvolumechange: nullonwaiting: nullonwebkitanimationend: nullonwebkitanimationiteration: nullonwebkitanimationstart: nullonwebkitfullscreenchange: nullonwebkitfullscreenerror: nullonwebkittransitionend: nullonwheel: nullouterHTML: "<div class=\"pdp-accordion-data\">59% Viscose (Livaeco by Birla Cellulose™), 41% Rayon</div>"outerText: "59% Viscose (Livaeco by Birla Cellulose™), 41% Rayon"ownerDocument: documentparentElement: body#tinymce.mce-content-body._yikes_wc_custom_repeatable_product_tabs_tab_content_1.post-type-product.post-status-publish.page-template-default.locale-en-us.mceContentBody.webkit.wp-editor.html5-captionsparentNode: body#tinymce.mce-content-body._yikes_wc_custom_repeatable_product_tabs_tab_content_1.post-type-product.post-status-publish.page-template-default.locale-en-us.mceContentBody.webkit.wp-editor.html5-captionspart: DOMTokenList [value: '']popover: nullprefix: nullpreviousElementSibling: nullpreviousSibling: nullrole: nullscrollHeight: 48scrollLeft: 0scrollTop: 0scrollWidth: 363shadowRoot: nullslot: ""spellcheck: truestyle: CSSStyleDeclaration {accentColor: '', additiveSymbols: '', alignContent: '', alignItems: '', alignSelf: '', …}tabIndex: -1tagName: "DIV"textContent: "59% Viscose (Livaeco by Birla Cellulose™), 41% Rayon"title: ""translate: truevirtualKeyboardPolicy: ""[[Prototype]]: HTMLDivElement(...)length: 1[[Prototype]]: HTMLCollection
undefined
console.log(document.getElementsByClassName("pdp-accordion-data")[0]);
VM89073:1 <div class=​"pdp-accordion-data">​59% Viscose (Livaeco by Birla Cellulose™), 41% Rayon​</div>​
undefined
console.log(document.getElementsByClassName("pdp-accordion-data")[1]);
VM89080:1 undefined
undefined
console.log(document.getElementsByClassName("pdp-accordion-data")[0][0]);
VM89098:1 undefined
undefined
console.log(document.getElementsByClassName("pdp-accordion-data")[0][1]);
VM89105:1 undefined
undefined
console.log(document.getElementsByClassName("pdp-accordion-data")[0]);
VM89115:1 <div class=​"pdp-accordion-data">​59% Viscose (Livaeco by Birla Cellulose™), 41% Rayon​</div>​
undefined
navigator.clipboard.readText()
    .then(function(clipboardText) {
        // Get the div element
        var divElement = document.querySelector('.pdp-accordion-data');

        // Set the text content of the div
        if (divElement) {
            divElement.textContent = clipboardText;
        } else {
            console.error("Element with class 'pdp-accordion-data' not found.");
        }
    })
    .catch(function(error) {
        console.error('Failed to read clipboard content: ', error);
    });
VM89914:14 Failed to read clipboard content:  DOMException: Failed to execute 'readText' on 'Clipboard': Document is not focused.
    at <anonymous>:1:21
(anonymous) @ VM89914:14
Promise.catch (async)
(anonymous) @ VM89914:13
Promise {<fulfilled>: undefined}
